<?xml version="1.0" encoding="UTF-8"?>
<!-- Generated by org.testng.reporters.JUnitXMLReporter -->
<testsuite hostname="shanu-PC" name="Test" tests="1" failures="1" timestamp="4 Apr 2020 15:30:24 GMT" time="0.099" errors="0">
  <testcase name="Script1" time="0.08" classname="Scripts.Test1">
    <failure type="java.lang.IllegalStateException" message="The driver executable does not exist: C:\Users\shanu.shanu-PC\Desktop\Driver\Chromedriver\chromedriver.exe">
      <![CDATA[java.lang.IllegalStateException: The driver executable does not exist: C:\Users\shanu.shanu-PC\Desktop\Driver\Chromedriver\chromedriver.exe
	at com.google.common.base.Preconditions.checkState(Preconditions.java:518)
	at org.openqa.selenium.remote.service.DriverService.checkExecutable(DriverService.java:136)
	at org.openqa.selenium.remote.service.DriverService.findExecutable(DriverService.java:131)
	at org.openqa.selenium.chrome.ChromeDriverService.access$000(ChromeDriverService.java:32)
	at org.openqa.selenium.chrome.ChromeDriverService$Builder.findDefaultExecutable(ChromeDriverService.java:137)
	at org.openqa.selenium.remote.service.DriverService$Builder.build(DriverService.java:330)
	at org.openqa.selenium.chrome.ChromeDriverService.createDefaultService(ChromeDriverService.java:88)
	at org.openqa.selenium.chrome.ChromeDriver.<init>(ChromeDriver.java:124)
	at Scripts.Test1.Script1(Test1.java:13)
... Removed 24 stack frames]]>
    </failure>
  </testcase> <!-- Script1 -->
</testsuite> <!-- Test -->
